[debug] [2020-01-31T15:26:52.413Z] ----------------------------------------------------------------------
[debug] [2020-01-31T15:26:52.415Z] Command:       C:\Program Files\nodejs\node.exe C:\Users\rajab\AppData\Roaming\npm\node_modules\firebase-tools\lib\bin\firebase.js deploy --only hosting:neeconsultancy
[debug] [2020-01-31T15:26:52.415Z] CLI Version:   7.12.1
[debug] [2020-01-31T15:26:52.416Z] Platform:      win32
[debug] [2020-01-31T15:26:52.416Z] Node Version:  v12.14.0
[debug] [2020-01-31T15:26:52.417Z] Time:          Fri Jan 31 2020 20:56:52 GMT+0530 (India Standard Time)
[debug] [2020-01-31T15:26:52.417Z] ----------------------------------------------------------------------
[debug] [2020-01-31T15:26:52.417Z] 
[debug] [2020-01-31T15:26:52.429Z] > command requires scopes: ["email","openid","https://www.googleapis.com/auth/cloudplatformprojects.readonly","https://www.googleapis.com/auth/firebase","https://www.googleapis.com/auth/cloud-platform"]
[debug] [2020-01-31T15:26:52.430Z] > authorizing via signed-in user
[debug] [2020-01-31T15:26:52.430Z] [iam] checking project digiweb for permissions ["firebase.projects.get","firebasehosting.sites.update"]
[debug] [2020-01-31T15:26:52.432Z] > refreshing access token with scopes: ["email","https://www.googleapis.com/auth/cloud-platform","https://www.googleapis.com/auth/cloudplatformprojects.readonly","https://www.googleapis.com/auth/firebase","openid"]
[debug] [2020-01-31T15:26:52.432Z] >>> HTTP REQUEST POST https://www.googleapis.com/oauth2/v3/token  
 <request body omitted>
[debug] [2020-01-31T15:26:52.966Z] <<< HTTP RESPONSE 200
[debug] [2020-01-31T15:26:52.988Z] >>> HTTP REQUEST POST https://cloudresourcemanager.googleapis.com/v1/projects/digiweb:testIamPermissions  

[debug] [2020-01-31T15:26:55.041Z] <<< HTTP RESPONSE 200
[debug] [2020-01-31T15:26:55.045Z] >>> HTTP REQUEST GET https://firebase.googleapis.com/v1beta1/projects/digiweb  
 
[debug] [2020-01-31T15:26:55.813Z] <<< HTTP RESPONSE 200
[info] 
[info] === Deploying to 'digiweb'...
[info] 
[info] i  deploying hosting
[debug] [2020-01-31T15:26:55.819Z] >>> HTTP REQUEST POST https://firebasehosting.googleapis.com/v1beta1/sites/neeconsultancy/versions  

[debug] [2020-01-31T15:26:58.596Z] <<< HTTP RESPONSE 200
[info] i  hosting[neeconsultancy]: beginning deploy...
[info] i  hosting[neeconsultancy]: found 395 files in public
[debug] [2020-01-31T15:26:58.781Z] [hosting] hash cache [cHVibGlj] stored for 395 files
[debug] [2020-01-31T15:26:58.781Z] [hosting][hash queue][FINAL]
[debug] [2020-01-31T15:26:58.781Z] >>> HTTP REQUEST POST https://firebasehosting.googleapis.com/v1beta1/sites/neeconsultancy/versions/294725f80c241b30:populateFiles  
 <request body omitted>
