[debug] [2020-02-01T15:25:47.735Z] ----------------------------------------------------------------------
[debug] [2020-02-01T15:25:47.738Z] Command:       C:\Program Files\nodejs\node.exe C:\Users\rajab\AppData\Roaming\npm\node_modules\firebase-tools\lib\bin\firebase.js deploy --only hosting:neeconsultancy
[debug] [2020-02-01T15:25:47.738Z] CLI Version:   7.12.1
[debug] [2020-02-01T15:25:47.738Z] Platform:      win32
[debug] [2020-02-01T15:25:47.738Z] Node Version:  v12.14.0
[debug] [2020-02-01T15:25:47.739Z] Time:          Sat Feb 01 2020 20:55:47 GMT+0530 (India Standard Time)
[debug] [2020-02-01T15:25:47.739Z] ----------------------------------------------------------------------
[debug] [2020-02-01T15:25:47.739Z] 
[debug] [2020-02-01T15:25:47.748Z] > command requires scopes: ["email","openid","https://www.googleapis.com/auth/cloudplatformprojects.readonly","https://www.googleapis.com/auth/firebase","https://www.googleapis.com/auth/cloud-platform"]
[debug] [2020-02-01T15:25:47.750Z] > authorizing via signed-in user
[debug] [2020-02-01T15:25:47.750Z] [iam] checking project digiweb for permissions ["firebase.projects.get","firebasehosting.sites.update"]
[debug] [2020-02-01T15:25:47.751Z] >>> HTTP REQUEST POST https://cloudresourcemanager.googleapis.com/v1/projects/digiweb:testIamPermissions  

[debug] [2020-02-01T15:25:49.769Z] <<< HTTP RESPONSE 200
[debug] [2020-02-01T15:25:49.774Z] >>> HTTP REQUEST GET https://firebase.googleapis.com/v1beta1/projects/digiweb  
 
[debug] [2020-02-01T15:25:50.406Z] <<< HTTP RESPONSE 200
[info] 
[info] === Deploying to 'digiweb'...
[info] 
[info] i  deploying hosting
[debug] [2020-02-01T15:25:50.450Z] >>> HTTP REQUEST POST https://firebasehosting.googleapis.com/v1beta1/sites/neeconsultancy/versions  

[debug] [2020-02-01T15:25:53.009Z] <<< HTTP RESPONSE 200
[info] i  hosting[neeconsultancy]: beginning deploy...
[info] i  hosting[neeconsultancy]: found 400 files in public
[debug] [2020-02-01T15:25:53.167Z] [hosting] hash cache [cHVibGlj] stored for 400 files
[debug] [2020-02-01T15:25:53.167Z] [hosting][hash queue][FINAL]
[debug] [2020-02-01T15:25:53.168Z] >>> HTTP REQUEST POST https://firebasehosting.googleapis.com/v1beta1/sites/neeconsultancy/versions/6e6e322aed9ee0e4:populateFiles  
 <request body omitted>
